<?xml version="1.0" encoding="UTF-8"?>
<!-- Generated by org.testng.reporters.JUnitReportReporter -->
<testsuite hostname="harshits-MacBook-Air.local" failures="0" tests="1" name="encollab.Dummycode" time="49.011" errors="0" timestamp="21 Feb 2022 12:40:25 GMT">
  <testcase classname="encollab.Dummycode" name="validateNewUser" time="49.011"/>
</testsuite> <!-- encollab.Dummycode -->
