<?xml version="1.0" encoding="UTF-8"?>
<!-- Generated by org.testng.reporters.JUnitReportReporter -->
<testsuite hostname="harshits-MacBook-Air.local" failures="0" tests="1" name="Eleve.AppTest" time="0.014" errors="0" timestamp="28 Mar 2021 07:57:35 GMT">
  <testcase classname="Eleve.AppTest" name="shouldAnswerWithTrue" time="0.014"/>
</testsuite> <!-- Eleve.AppTest -->
